<?xml version="1.0" encoding="utf-8"?><testsuites name="pytest tests"><testsuite name="pytest" errors="0" failures="0" skipped="0" tests="6" time="2.504" timestamp="2026-07-13T15:05:18.689260+00:00" hostname="agent-env-2b65dc77-1998-4215-a8ba-1b4340a1b628"><testcase classname="tests.test_async_posts.TestDraftWithMedia" name="test_draft_with_cover_upload_flow" time="1.491" /><testcase classname="tests.test_async_posts.TestDraftTextOnly" name="test_text_only_draft_auto_ready" time="1.555" /><testcase classname="tests.test_async_posts.TestDraftWithMedia" name="test_upload_bad_slot_index" time="0.433" /><testcase classname="tests.test_async_posts.TestDraftTextOnly" name="test_draft_requires_title" time="0.088" /><testcase classname="tests.test_async_posts.TestPublishAsyncGuards" name="test_publish_draft_without_telegraph_url_400" time="0.229" /><testcase classname="tests.test_async_posts.TestDraftWithMedia" name="test_upload_post_not_found" time="0.053" /></testsuite></testsuites>