<?xml version="1.0" encoding="utf-8"?><testsuites name="pytest tests"><testsuite name="pytest" errors="0" failures="0" skipped="0" tests="19" time="3.980" timestamp="2026-07-13T15:23:32.992965+00:00" hostname="agent-env-2b65dc77-1998-4215-a8ba-1b4340a1b628"><testcase classname="tests.test_edit_and_validation.TestMdToHtml" name="test_heading_h3" time="0.001" /><testcase classname="tests.test_edit_and_validation.TestMdToHtml" name="test_heading_h4" time="0.000" /><testcase classname="tests.test_edit_and_validation.TestMdToHtml" name="test_bold" time="0.000" /><testcase classname="tests.test_edit_and_validation.TestMdToHtml" name="test_italic" time="0.000" /><testcase classname="tests.test_edit_and_validation.TestMdToHtml" name="test_link" time="0.000" /><testcase classname="tests.test_edit_and_validation.TestMdToHtml" name="test_quote" time="0.000" /><testcase classname="tests.test_edit_and_validation.TestMdToHtml" name="test_combined" time="0.000" /><testcase classname="tests.test_edit_and_validation.TestMdToHtml" name="test_html_escaped" time="0.000" /><testcase classname="tests.test_edit_and_validation.TestEditEndpoints" name="test_get_edit_400_for_processing_draft" time="0.851" /><testcase classname="tests.test_edit_and_validation.TestUploadValidation" name="test_wrong_type_returns_400_russian" time="1.005" /><testcase classname="tests.test_edit_and_validation.TestEditEndpoints" name="test_get_edit_404_for_unknown" time="0.066" /><testcase classname="tests.test_edit_and_validation.TestEditEndpoints" name="test_get_edit_returns_shape_for_ready_post" time="0.659" /><testcase classname="tests.test_edit_and_validation.TestUploadValidation" name="test_wrong_type_video_slot_returns_400" time="0.244" /><testcase classname="tests.test_edit_and_validation.TestUploadValidation" name="test_photo_too_large_returns_400" time="1.043" /><testcase classname="tests.test_edit_and_validation.TestEditEndpoints" name="test_put_edit_in_place_same_url" time="0.631" /><testcase classname="tests.test_edit_and_validation.TestEditEndpoints" name="test_put_requires_title" time="0.369" /><testcase classname="tests.test_edit_and_validation.TestDeleteCleanup" name="test_delete_gridfs_post_no_crash" time="0.465" /><testcase classname="tests.test_edit_and_validation.TestEditEndpoints" name="test_put_404_for_unknown" time="0.055" /><testcase classname="tests.test_edit_and_validation.TestMarkdownFinalization" name="test_draft_with_markdown_finalizes" time="0.362" /></testsuite></testsuites>