<?xml version="1.0" encoding="utf-8"?><testsuites name="pytest tests"><testsuite name="pytest" errors="0" failures="1" skipped="0" tests="69" time="35.969" timestamp="2026-07-13T15:23:41.965275+00:00" hostname="agent-env-2b65dc77-1998-4215-a8ba-1b4340a1b628"><testcase classname="tests.test_watermark.TestWatermark" name="test_01_get_watermark_requires_auth" time="0.130" /><testcase classname="tests.test_watermark.TestWatermark" name="test_02_put_watermark_requires_auth" time="0.256" /><testcase classname="tests.test_watermark.TestWatermark" name="test_03_preview_requires_auth" time="0.048" /><testcase classname="tests.test_api.TestFullFlow" name="test_01_upload_photo" time="0.499" /><testcase classname="tests.test_api.TestFullFlow" name="test_02_media_public" time="0.279" /><testcase classname="tests.test_watermark.TestWatermark" name="test_04_get_watermark_returns_object" time="0.374" /><testcase classname="tests.test_api.TestFullFlow" name="test_03_create_requires_title" time="0.065" /><testcase classname="tests.test_watermark.TestWatermark" name="test_05_put_and_get_reflects" time="0.174" /><testcase classname="tests.test_api.TestFullFlow" name="test_04_create_requires_blocks" time="0.060" /><testcase classname="tests.test_api.TestFullFlow" name="test_05_create_with_cover" time="0.458" /><testcase classname="tests.test_watermark.TestWatermark" name="test_06_preview_returns_data_uri_jpeg" time="0.066" /><testcase classname="tests.test_watermark.TestWatermark" name="test_07_preview_changes_when_settings_change" time="0.111" /><testcase classname="tests.test_watermark.TestWatermark" name="test_08_upload_photo_applies_watermark_when_enabled" time="0.232" /><testcase classname="tests.test_api.TestFullFlow" name="test_06_get_created_post" time="0.096" /><testcase classname="tests.test_watermark.TestWatermark" name="test_09_upload_photo_no_watermark_when_disabled" time="0.229" /><testcase classname="tests.test_api.TestFullFlow" name="test_07_telegraph_page_has_image" time="0.415" /><testcase classname="tests.test_watermark.TestWatermark" name="test_10_reset_watermark_to_disabled" time="0.047" /><testcase classname="tests.test_edit_and_validation.TestMdToHtml" name="test_heading_h3" time="0.000" /><testcase classname="tests.test_edit_and_validation.TestMdToHtml" name="test_heading_h4" time="0.000" /><testcase classname="tests.test_edit_and_validation.TestMdToHtml" name="test_bold" time="0.000" /><testcase classname="tests.test_edit_and_validation.TestMdToHtml" name="test_italic" time="0.000" /><testcase classname="tests.test_edit_and_validation.TestMdToHtml" name="test_link" time="0.000" /><testcase classname="tests.test_edit_and_validation.TestMdToHtml" name="test_quote" time="0.000" /><testcase classname="tests.test_edit_and_validation.TestMdToHtml" name="test_combined" time="0.000" /><testcase classname="tests.test_edit_and_validation.TestMdToHtml" name="test_html_escaped" time="0.000" /><testcase classname="tests.test_api.TestAuth" name="test_login_success" time="0.343" /><testcase classname="tests.test_api.TestFullFlow" name="test_08_publish_no_channel_returns_400" time="0.423" /><testcase classname="tests.test_api.TestAuth" name="test_login_wrong_password" time="0.275" /><testcase classname="tests.test_api.TestAuth" name="test_login_unknown_email" time="0.049" /><testcase classname="tests.test_api.TestFullFlow" name="test_09_publish_post_not_found" time="0.104" /><testcase classname="tests.test_api.TestAuth" name="test_me_requires_token" time="0.055" /><testcase classname="tests.test_api.TestFullFlow" name="test_10_delete_not_found" time="0.048" /><testcase classname="tests.test_api.TestFullFlow" name="test_11_delete_created_post" time="0.294" /><testcase classname="tests.test_api.TestAuth" name="test_me_with_token" time="0.422" /><testcase classname="tests.test_api.TestCoverUrl" name="test_cover_url_explicit_is_cover" time="0.630" /><testcase classname="tests.test_api.TestAuth" name="test_me_bad_token" time="0.057" /><testcase classname="tests.test_edit_and_validation.TestEditEndpoints" name="test_get_edit_400_for_processing_draft" time="0.558" /><testcase classname="tests.test_api.TestCoverUrl" name="test_cover_url_null_when_no_photos" time="0.284" /><testcase classname="tests.test_edit_and_validation.TestEditEndpoints" name="test_get_edit_404_for_unknown" time="0.048" /><testcase classname="tests.test_edit_and_validation.TestEditEndpoints" name="test_get_edit_returns_shape_for_ready_post" time="0.337" /><testcase classname="tests.test_api.TestCoverUrl" name="test_cover_url_falls_back_to_first_photo" time="0.783" /><testcase classname="tests.test_edit_and_validation.TestEditEndpoints" name="test_put_edit_in_place_same_url" time="0.584" /><testcase classname="tests.test_edit_and_validation.TestEditEndpoints" name="test_put_requires_title" time="0.365" /><testcase classname="tests.test_api.TestCoverUrl" name="test_publish_without_channel_graceful_400" time="0.534" /><testcase classname="tests.test_edit_and_validation.TestEditEndpoints" name="test_put_404_for_unknown" time="0.088" /><testcase classname="tests.test_api.TestProtected" name="test_stats_401" time="0.109" /><testcase classname="tests.test_api.TestProtected" name="test_posts_401" time="0.050" /><testcase classname="tests.test_api.TestCoverUrl" name="test_telegram_api_has_send_photo_and_is_used" time="0.192" /><testcase classname="tests.test_api.TestProtected" name="test_settings_401" time="0.048" /><testcase classname="tests.test_api.TestProtected" name="test_upload_401" time="0.052" /><testcase classname="tests.test_edit_and_validation.TestUploadValidation" name="test_wrong_type_returns_400_russian" time="0.703" /><testcase classname="tests.test_async_posts.TestDraftWithMedia" name="test_draft_with_cover_upload_flow" time="1.122" /><testcase classname="tests.test_edit_and_validation.TestUploadValidation" name="test_wrong_type_video_slot_returns_400" time="0.183" /><testcase classname="tests.test_edit_and_validation.TestUploadValidation" name="test_photo_too_large_returns_400" time="0.994" /><testcase classname="tests.test_async_posts.TestDraftWithMedia" name="test_upload_bad_slot_index" time="0.429" /><testcase classname="tests.test_async_posts.TestDraftWithMedia" name="test_upload_post_not_found" time="0.056" /><testcase classname="tests.test_api.TestMediaErrors" name="test_media_invalid" time="0.106" /><testcase classname="tests.test_api.TestMediaErrors" name="test_media_not_found" time="0.050" /><testcase classname="tests.test_api.TestChannelSettings" name="test_get_settings_empty" time="0.604" /><testcase classname="tests.test_api.TestPostsList" name="test_posts_list" time="0.579" /><testcase classname="tests.test_api.TestChannelSettings" name="test_set_channel_without_bot_token_returns_400" time="0.063" /><testcase classname="tests.test_api.TestPostsList" name="test_get_post_not_found" time="0.048" /><testcase classname="tests.test_api.TestStats" name="test_stats_schema" time="0.048" /><testcase classname="tests.test_api.TestCoverOrdering" name="test_cover_ordered_before_other_photos" time="1.040" /><testcase classname="tests.test_async_posts.TestDraftTextOnly" name="test_text_only_draft_auto_ready" time="0.640" /><testcase classname="tests.test_async_posts.TestDraftTextOnly" name="test_draft_requires_title" time="0.045" /><testcase classname="tests.test_async_posts.TestPublishAsyncGuards" name="test_publish_draft_without_telegraph_url_400" time="0.267" /><testcase classname="tests.test_edit_and_validation.TestDeleteCleanup" name="test_delete_gridfs_post_no_crash" time="25.764"><failure message="AssertionError: post 6e0e2fbd-f33c-4136-9381-92fdd580aa0d did not reach status=ready, last={'id': '6e0e2fbd-f33c-4136-9381-92fdd580aa0d', 'user_id': '6a54dde2ac0b71e7ece799cb', 'title': 'TEST_ delete gridfs', 'telegraph_url': None, 'telegraph_path': None, 'cover_url': None, 'media_ids': [], 'r2_keys': [], 'media_count': 1, 'media_total': 1, 'media_done': 1, 'block_count': 1, 'preview': '', 'publish_after': False, 'published': False, 'channel_title': None, 'status': 'failed', 'created_at': '2026-07-13T15:23:51.777820+00:00', 'error': 'Flood control exceeded. Retry in 4 seconds'}">tests/test_edit_and_validation.py:295: in test_delete_gridfs_post_no_crash
    _wait_status(client, pid, "ready", timeout=25)
tests/test_edit_and_validation.py:52: in _wait_status
    raise AssertionError(f"post {pid} did not reach status={want}, last={last}")
E   AssertionError: post 6e0e2fbd-f33c-4136-9381-92fdd580aa0d did not reach status=ready, last={'id': '6e0e2fbd-f33c-4136-9381-92fdd580aa0d', 'user_id': '6a54dde2ac0b71e7ece799cb', 'title': 'TEST_ delete gridfs', 'telegraph_url': None, 'telegraph_path': None, 'cover_url': None, 'media_ids': [], 'r2_keys': [], 'media_count': 1, 'media_total': 1, 'media_done': 1, 'block_count': 1, 'preview': '', 'publish_after': False, 'published': False, 'channel_title': None, 'status': 'failed', 'created_at': '2026-07-13T15:23:51.777820+00:00', 'error': 'Flood control exceeded. Retry in 4 seconds'}</failure></testcase><testcase classname="tests.test_edit_and_validation.TestMarkdownFinalization" name="test_draft_with_markdown_finalizes" time="0.567" /></testsuite></testsuites>