<?xml version="1.0" encoding="utf-8"?><testsuites name="pytest tests"><testsuite name="pytest" errors="0" failures="0" skipped="0" tests="39" time="4.919" timestamp="2026-07-13T14:33:07.157166+00:00" hostname="agent-env-2b65dc77-1998-4215-a8ba-1b4340a1b628"><testcase classname="tests.test_watermark.TestWatermark" name="test_01_get_watermark_requires_auth" time="0.134" /><testcase classname="tests.test_watermark.TestWatermark" name="test_02_put_watermark_requires_auth" time="0.231" /><testcase classname="tests.test_watermark.TestWatermark" name="test_03_preview_requires_auth" time="0.087" /><testcase classname="tests.test_api.TestFullFlow" name="test_01_upload_photo" time="0.521" /><testcase classname="tests.test_api.TestFullFlow" name="test_02_media_public" time="0.257" /><testcase classname="tests.test_api.TestFullFlow" name="test_03_create_requires_title" time="0.058" /><testcase classname="tests.test_watermark.TestWatermark" name="test_04_get_watermark_returns_object" time="0.459" /><testcase classname="tests.test_api.TestFullFlow" name="test_04_create_requires_blocks" time="0.053" /><testcase classname="tests.test_api.TestFullFlow" name="test_05_create_with_cover" time="0.527" /><testcase classname="tests.test_watermark.TestWatermark" name="test_05_put_and_get_reflects" time="0.162" /><testcase classname="tests.test_watermark.TestWatermark" name="test_06_preview_returns_data_uri_jpeg" time="0.067" /><testcase classname="tests.test_watermark.TestWatermark" name="test_07_preview_changes_when_settings_change" time="0.110" /><testcase classname="tests.test_watermark.TestWatermark" name="test_08_upload_photo_applies_watermark_when_enabled" time="0.233" /><testcase classname="tests.test_api.TestFullFlow" name="test_06_get_created_post" time="0.052" /><testcase classname="tests.test_api.TestFullFlow" name="test_07_telegraph_page_has_image" time="0.433" /><testcase classname="tests.test_watermark.TestWatermark" name="test_09_upload_photo_no_watermark_when_disabled" time="0.215" /><testcase classname="tests.test_watermark.TestWatermark" name="test_10_reset_watermark_to_disabled" time="0.052" /><testcase classname="tests.test_api.TestAuth" name="test_login_success" time="0.323" /><testcase classname="tests.test_api.TestFullFlow" name="test_08_publish_no_channel_returns_400" time="0.448" /><testcase classname="tests.test_api.TestAuth" name="test_login_wrong_password" time="0.272" /><testcase classname="tests.test_api.TestAuth" name="test_login_unknown_email" time="0.098" /><testcase classname="tests.test_api.TestFullFlow" name="test_09_publish_post_not_found" time="0.051" /><testcase classname="tests.test_api.TestFullFlow" name="test_10_delete_not_found" time="0.095" /><testcase classname="tests.test_api.TestAuth" name="test_me_requires_token" time="0.050" /><testcase classname="tests.test_api.TestFullFlow" name="test_11_delete_created_post" time="0.328" /><testcase classname="tests.test_api.TestAuth" name="test_me_with_token" time="0.379" /><testcase classname="tests.test_api.TestProtected" name="test_stats_401" time="0.092" /><testcase classname="tests.test_api.TestAuth" name="test_me_bad_token" time="0.087" /><testcase classname="tests.test_api.TestProtected" name="test_posts_401" time="0.045" /><testcase classname="tests.test_api.TestProtected" name="test_settings_401" time="0.046" /><testcase classname="tests.test_api.TestPostsList" name="test_posts_list" time="0.047" /><testcase classname="tests.test_api.TestProtected" name="test_upload_401" time="0.051" /><testcase classname="tests.test_api.TestPostsList" name="test_get_post_not_found" time="0.052" /><testcase classname="tests.test_api.TestMediaErrors" name="test_media_invalid" time="0.046" /><testcase classname="tests.test_api.TestChannelSettings" name="test_get_settings_empty" time="0.451" /><testcase classname="tests.test_api.TestMediaErrors" name="test_media_not_found" time="0.044" /><testcase classname="tests.test_api.TestStats" name="test_stats_schema" time="0.056" /><testcase classname="tests.test_api.TestChannelSettings" name="test_set_channel_without_bot_token_returns_400" time="0.050" /><testcase classname="tests.test_api.TestCoverOrdering" name="test_cover_ordered_before_other_photos" time="0.761" /></testsuite></testsuites>