<?xml version="1.0" encoding="utf-8"?><testsuites name="pytest tests"><testsuite name="pytest" errors="0" failures="0" skipped="0" tests="44" time="5.462" timestamp="2026-07-13T14:42:07.515958+00:00" hostname="agent-env-2b65dc77-1998-4215-a8ba-1b4340a1b628"><testcase classname="tests.test_watermark.TestWatermark" name="test_01_get_watermark_requires_auth" time="0.370" /><testcase classname="tests.test_watermark.TestWatermark" name="test_02_put_watermark_requires_auth" time="0.052" /><testcase classname="tests.test_api.TestFullFlow" name="test_01_upload_photo" time="0.474" /><testcase classname="tests.test_watermark.TestWatermark" name="test_03_preview_requires_auth" time="0.047" /><testcase classname="tests.test_api.TestFullFlow" name="test_02_media_public" time="0.051" /><testcase classname="tests.test_api.TestFullFlow" name="test_03_create_requires_title" time="0.049" /><testcase classname="tests.test_api.TestFullFlow" name="test_04_create_requires_blocks" time="0.047" /><testcase classname="tests.test_api.TestFullFlow" name="test_05_create_with_cover" time="0.664" /><testcase classname="tests.test_watermark.TestWatermark" name="test_04_get_watermark_returns_object" time="0.552" /><testcase classname="tests.test_watermark.TestWatermark" name="test_05_put_and_get_reflects" time="0.176" /><testcase classname="tests.test_watermark.TestWatermark" name="test_06_preview_returns_data_uri_jpeg" time="0.085" /><testcase classname="tests.test_watermark.TestWatermark" name="test_07_preview_changes_when_settings_change" time="0.152" /><testcase classname="tests.test_api.TestFullFlow" name="test_06_get_created_post" time="0.048" /><testcase classname="tests.test_api.TestFullFlow" name="test_07_telegraph_page_has_image" time="0.446" /><testcase classname="tests.test_watermark.TestWatermark" name="test_08_upload_photo_applies_watermark_when_enabled" time="0.271" /><testcase classname="tests.test_watermark.TestWatermark" name="test_09_upload_photo_no_watermark_when_disabled" time="0.226" /><testcase classname="tests.test_api.TestFullFlow" name="test_08_publish_no_channel_returns_400" time="0.098" /><testcase classname="tests.test_api.TestFullFlow" name="test_09_publish_post_not_found" time="0.087" /><testcase classname="tests.test_watermark.TestWatermark" name="test_10_reset_watermark_to_disabled" time="0.063" /><testcase classname="tests.test_api.TestFullFlow" name="test_10_delete_not_found" time="0.086" /><testcase classname="tests.test_api.TestAuth" name="test_login_success" time="0.330" /><testcase classname="tests.test_api.TestFullFlow" name="test_11_delete_created_post" time="0.543" /><testcase classname="tests.test_api.TestAuth" name="test_login_wrong_password" time="0.268" /><testcase classname="tests.test_api.TestAuth" name="test_login_unknown_email" time="0.049" /><testcase classname="tests.test_api.TestCoverUrl" name="test_cover_url_explicit_is_cover" time="0.598" /><testcase classname="tests.test_api.TestAuth" name="test_me_requires_token" time="0.047" /><testcase classname="tests.test_api.TestAuth" name="test_me_with_token" time="0.388" /><testcase classname="tests.test_api.TestAuth" name="test_me_bad_token" time="0.049" /><testcase classname="tests.test_api.TestProtected" name="test_stats_401" time="0.090" /><testcase classname="tests.test_api.TestCoverUrl" name="test_cover_url_null_when_no_photos" time="0.352" /><testcase classname="tests.test_api.TestProtected" name="test_posts_401" time="0.076" /><testcase classname="tests.test_api.TestProtected" name="test_settings_401" time="0.046" /><testcase classname="tests.test_api.TestProtected" name="test_upload_401" time="0.048" /><testcase classname="tests.test_api.TestPostsList" name="test_posts_list" time="0.090" /><testcase classname="tests.test_api.TestPostsList" name="test_get_post_not_found" time="0.049" /><testcase classname="tests.test_api.TestMediaErrors" name="test_media_invalid" time="0.137" /><testcase classname="tests.test_api.TestCoverUrl" name="test_cover_url_falls_back_to_first_photo" time="0.419" /><testcase classname="tests.test_api.TestMediaErrors" name="test_media_not_found" time="0.089" /><testcase classname="tests.test_api.TestChannelSettings" name="test_get_settings_empty" time="0.097" /><testcase classname="tests.test_api.TestChannelSettings" name="test_set_channel_without_bot_token_returns_400" time="0.087" /><testcase classname="tests.test_api.TestStats" name="test_stats_schema" time="0.089" /><testcase classname="tests.test_api.TestCoverUrl" name="test_publish_without_channel_graceful_400" time="0.461" /><testcase classname="tests.test_api.TestCoverOrdering" name="test_cover_ordered_before_other_photos" time="0.742" /><testcase classname="tests.test_api.TestCoverUrl" name="test_telegram_api_has_send_photo_and_is_used" time="0.302" /></testsuite></testsuites>