<?xml version="1.0" encoding="utf-8"?><testsuites name="pytest tests"><testsuite name="pytest" errors="0" failures="0" skipped="0" tests="10" time="2.342" timestamp="2026-07-13T14:32:59.106184+00:00" hostname="agent-env-2b65dc77-1998-4215-a8ba-1b4340a1b628"><testcase classname="tests.test_watermark.TestWatermark" name="test_01_get_watermark_requires_auth" time="0.280" /><testcase classname="tests.test_watermark.TestWatermark" name="test_02_put_watermark_requires_auth" time="0.052" /><testcase classname="tests.test_watermark.TestWatermark" name="test_03_preview_requires_auth" time="0.049" /><testcase classname="tests.test_watermark.TestWatermark" name="test_04_get_watermark_returns_object" time="0.457" /><testcase classname="tests.test_watermark.TestWatermark" name="test_05_put_and_get_reflects" time="0.108" /><testcase classname="tests.test_watermark.TestWatermark" name="test_06_preview_returns_data_uri_jpeg" time="0.076" /><testcase classname="tests.test_watermark.TestWatermark" name="test_07_preview_changes_when_settings_change" time="0.131" /><testcase classname="tests.test_watermark.TestWatermark" name="test_08_upload_photo_applies_watermark_when_enabled" time="0.270" /><testcase classname="tests.test_watermark.TestWatermark" name="test_09_upload_photo_no_watermark_when_disabled" time="0.233" /><testcase classname="tests.test_watermark.TestWatermark" name="test_10_reset_watermark_to_disabled" time="0.049" /></testsuite></testsuites>